<?xml version="1.0" encoding="UTF-8"?>
<testsuite hostname="BANL11b18a2d9.local" name="com.twitter.config.loader.ConfigLoaderTest" tests="20" failures="0" timestamp="9 Jul 2015 18:04:35 GMT" time="0.105" errors="0">
  <testcase name="testLoadEmptyPropertyGroupFileNegativeTest" time="0.046" classname="com.twitter.config.loader.ConfigLoaderTest"/>
  <testcase name="testLoadInvalidPropertyDefFileNegativeTest" time="0.003" classname="com.twitter.config.loader.ConfigLoaderTest"/>
  <testcase name="testLoadSamplePropertyCacheTest" time="0.005" classname="com.twitter.config.loader.ConfigLoaderTest"/>
  <testcase name="testLoadSamplePropertyEmptyFilePathNegativeTest" time="0.001" classname="com.twitter.config.loader.ConfigLoaderTest"/>
  <testcase name="testLoadSamplePropertyInvalidFilePathNegativeTest" time="0.001" classname="com.twitter.config.loader.ConfigLoaderTest"/>
  <testcase name="testLoadSamplePropertyNullFilePathNegativeTest" time="0.001" classname="com.twitter.config.loader.ConfigLoaderTest"/>
  <testcase name="testLoadSamplePropertyWithOverridesFilePositiveTest" time="0.002" classname="com.twitter.config.loader.ConfigLoaderTest"/>
  <testcase name="testLoadSamplePropertyWithoutOverrideFilePositiveTest" time="0.002" classname="com.twitter.config.loader.ConfigLoaderTest"/>
  <testcase name="testPropertyFactoryEmptyValue" time="0.001" classname="com.twitter.config.loader.factory.PropertyFactoryTest"/>
  <testcase name="testPropertyFactoryNullKey" time="0.001" classname="com.twitter.config.loader.factory.PropertyFactoryTest"/>
  <testcase name="testPropertyFactoryNullValue" time="0.0" classname="com.twitter.config.loader.factory.PropertyFactoryTest"/>
  <testcase name="testPropertyFactorySuccess" time="0.002" classname="com.twitter.config.loader.factory.PropertyFactoryTest"/>
  <testcase name="testGetPropertyWithInvalidKeyNegativeTest" time="0.002" classname="com.twitter.config.models.ConfigTest"/>
  <testcase name="testLoadEmptyPropertyGroupFileNegativeTest" time="0.002" classname="com.twitter.config.models.ConfigTest"/>
  <testcase name="testLoadInvalidPropertyDefFileNegativeTest" time="0.002" classname="com.twitter.config.models.ConfigTest"/>
  <testcase name="testLoadSamplePropertyEmptyFilePathNegativeTest" time="0.001" classname="com.twitter.config.models.ConfigTest"/>
  <testcase name="testLoadSamplePropertyInvalidFilePathNegativeTest" time="0.001" classname="com.twitter.config.models.ConfigTest"/>
  <testcase name="testLoadSamplePropertyNullFilePathNegativeTest" time="0.002" classname="com.twitter.config.models.ConfigTest"/>
  <testcase name="testLoadSamplePropertyWithOverridesFilePositiveTest" time="0.003" classname="com.twitter.config.models.ConfigTest"/>
  <testcase name="testLoadSamplePropertyWithoutOverrideFilePositiveTest" time="0.002" classname="com.twitter.config.models.ConfigTest"/>
</testsuite>
