<?xml version="1.0" encoding="UTF-8"?>
<testng-results skipped="0" failed="0" total="20" passed="20">
  <reporter-output>
  </reporter-output>
  <suite name="Command line suite" duration-ms="105" started-at="2015-07-09T23:34:35Z" finished-at="2015-07-09T23:34:35Z">
    <groups>
      <group name="unit">
        <method signature="com.twitter.config.loader.ConfigLoaderTest.testLoadEmptyPropertyGroupFileNegativeTest()" name="testLoadEmptyPropertyGroupFileNegativeTest" class="com.twitter.config.loader.ConfigLoaderTest"/>
        <method signature="com.twitter.config.loader.ConfigLoaderTest.testLoadInvalidPropertyDefFileNegativeTest()" name="testLoadInvalidPropertyDefFileNegativeTest" class="com.twitter.config.loader.ConfigLoaderTest"/>
        <method signature="com.twitter.config.loader.ConfigLoaderTest.testLoadSamplePropertyCacheTest()" name="testLoadSamplePropertyCacheTest" class="com.twitter.config.loader.ConfigLoaderTest"/>
        <method signature="com.twitter.config.loader.ConfigLoaderTest.testLoadSamplePropertyEmptyFilePathNegativeTest()" name="testLoadSamplePropertyEmptyFilePathNegativeTest" class="com.twitter.config.loader.ConfigLoaderTest"/>
        <method signature="com.twitter.config.loader.ConfigLoaderTest.testLoadSamplePropertyInvalidFilePathNegativeTest()" name="testLoadSamplePropertyInvalidFilePathNegativeTest" class="com.twitter.config.loader.ConfigLoaderTest"/>
        <method signature="com.twitter.config.loader.ConfigLoaderTest.testLoadSamplePropertyNullFilePathNegativeTest()" name="testLoadSamplePropertyNullFilePathNegativeTest" class="com.twitter.config.loader.ConfigLoaderTest"/>
        <method signature="com.twitter.config.loader.ConfigLoaderTest.testLoadSamplePropertyWithOverridesFilePositiveTest()" name="testLoadSamplePropertyWithOverridesFilePositiveTest" class="com.twitter.config.loader.ConfigLoaderTest"/>
        <method signature="com.twitter.config.loader.ConfigLoaderTest.testLoadSamplePropertyWithoutOverrideFilePositiveTest()" name="testLoadSamplePropertyWithoutOverrideFilePositiveTest" class="com.twitter.config.loader.ConfigLoaderTest"/>
        <method signature="com.twitter.config.loader.factory.PropertyFactoryTest.testPropertyFactoryEmptyValue()" name="testPropertyFactoryEmptyValue" class="com.twitter.config.loader.factory.PropertyFactoryTest"/>
        <method signature="com.twitter.config.loader.factory.PropertyFactoryTest.testPropertyFactoryNullKey()" name="testPropertyFactoryNullKey" class="com.twitter.config.loader.factory.PropertyFactoryTest"/>
        <method signature="com.twitter.config.loader.factory.PropertyFactoryTest.testPropertyFactoryNullValue()" name="testPropertyFactoryNullValue" class="com.twitter.config.loader.factory.PropertyFactoryTest"/>
        <method signature="com.twitter.config.loader.factory.PropertyFactoryTest.testPropertyFactorySuccess()" name="testPropertyFactorySuccess" class="com.twitter.config.loader.factory.PropertyFactoryTest"/>
        <method signature="com.twitter.config.models.ConfigTest.testGetPropertyWithInvalidKeyNegativeTest()" name="testGetPropertyWithInvalidKeyNegativeTest" class="com.twitter.config.models.ConfigTest"/>
        <method signature="com.twitter.config.models.ConfigTest.testLoadEmptyPropertyGroupFileNegativeTest()" name="testLoadEmptyPropertyGroupFileNegativeTest" class="com.twitter.config.models.ConfigTest"/>
        <method signature="com.twitter.config.models.ConfigTest.testLoadInvalidPropertyDefFileNegativeTest()" name="testLoadInvalidPropertyDefFileNegativeTest" class="com.twitter.config.models.ConfigTest"/>
        <method signature="com.twitter.config.models.ConfigTest.testLoadSamplePropertyEmptyFilePathNegativeTest()" name="testLoadSamplePropertyEmptyFilePathNegativeTest" class="com.twitter.config.models.ConfigTest"/>
        <method signature="com.twitter.config.models.ConfigTest.testLoadSamplePropertyInvalidFilePathNegativeTest()" name="testLoadSamplePropertyInvalidFilePathNegativeTest" class="com.twitter.config.models.ConfigTest"/>
        <method signature="com.twitter.config.models.ConfigTest.testLoadSamplePropertyNullFilePathNegativeTest()" name="testLoadSamplePropertyNullFilePathNegativeTest" class="com.twitter.config.models.ConfigTest"/>
        <method signature="com.twitter.config.models.ConfigTest.testLoadSamplePropertyWithOverridesFilePositiveTest()" name="testLoadSamplePropertyWithOverridesFilePositiveTest" class="com.twitter.config.models.ConfigTest"/>
        <method signature="com.twitter.config.models.ConfigTest.testLoadSamplePropertyWithoutOverrideFilePositiveTest()" name="testLoadSamplePropertyWithoutOverrideFilePositiveTest" class="com.twitter.config.models.ConfigTest"/>
      </group>
    </groups>
    <test name="Command line test" duration-ms="105" started-at="2015-07-09T23:34:35Z" finished-at="2015-07-09T23:34:35Z">
      <class name="com.twitter.config.models.ConfigTest">
        <test-method status="PASS" signature="testGetPropertyWithInvalidKeyNegativeTest()" name="testGetPropertyWithInvalidKeyNegativeTest" duration-ms="2" started-at="2015-07-09T23:34:35Z" finished-at="2015-07-09T23:34:35Z">
        </test-method>
        <test-method status="PASS" signature="testLoadEmptyPropertyGroupFileNegativeTest()" name="testLoadEmptyPropertyGroupFileNegativeTest" duration-ms="2" started-at="2015-07-09T23:34:35Z" finished-at="2015-07-09T23:34:35Z">
        </test-method>
        <test-method status="PASS" signature="testLoadInvalidPropertyDefFileNegativeTest()" name="testLoadInvalidPropertyDefFileNegativeTest" duration-ms="2" started-at="2015-07-09T23:34:35Z" finished-at="2015-07-09T23:34:35Z">
        </test-method>
        <test-method status="PASS" signature="testLoadSamplePropertyEmptyFilePathNegativeTest()" name="testLoadSamplePropertyEmptyFilePathNegativeTest" duration-ms="1" started-at="2015-07-09T23:34:35Z" finished-at="2015-07-09T23:34:35Z">
        </test-method>
        <test-method status="PASS" signature="testLoadSamplePropertyInvalidFilePathNegativeTest()" name="testLoadSamplePropertyInvalidFilePathNegativeTest" duration-ms="1" started-at="2015-07-09T23:34:35Z" finished-at="2015-07-09T23:34:35Z">
        </test-method>
        <test-method status="PASS" signature="testLoadSamplePropertyNullFilePathNegativeTest()" name="testLoadSamplePropertyNullFilePathNegativeTest" duration-ms="2" started-at="2015-07-09T23:34:35Z" finished-at="2015-07-09T23:34:35Z">
        </test-method>
        <test-method status="PASS" signature="testLoadSamplePropertyWithOverridesFilePositiveTest()" name="testLoadSamplePropertyWithOverridesFilePositiveTest" duration-ms="3" started-at="2015-07-09T23:34:35Z" finished-at="2015-07-09T23:34:35Z">
        </test-method>
        <test-method status="PASS" signature="testLoadSamplePropertyWithoutOverrideFilePositiveTest()" name="testLoadSamplePropertyWithoutOverrideFilePositiveTest" duration-ms="2" started-at="2015-07-09T23:34:35Z" finished-at="2015-07-09T23:34:35Z">
        </test-method>
      </class>
      <class name="com.twitter.config.loader.ConfigLoaderTest">
        <test-method status="PASS" signature="testLoadEmptyPropertyGroupFileNegativeTest()" name="testLoadEmptyPropertyGroupFileNegativeTest" duration-ms="46" started-at="2015-07-09T23:34:35Z" finished-at="2015-07-09T23:34:35Z">
        </test-method>
        <test-method status="PASS" signature="testLoadInvalidPropertyDefFileNegativeTest()" name="testLoadInvalidPropertyDefFileNegativeTest" duration-ms="3" started-at="2015-07-09T23:34:35Z" finished-at="2015-07-09T23:34:35Z">
        </test-method>
        <test-method status="PASS" signature="testLoadSamplePropertyCacheTest()" name="testLoadSamplePropertyCacheTest" duration-ms="5" started-at="2015-07-09T23:34:35Z" finished-at="2015-07-09T23:34:35Z">
        </test-method>
        <test-method status="PASS" signature="testLoadSamplePropertyEmptyFilePathNegativeTest()" name="testLoadSamplePropertyEmptyFilePathNegativeTest" duration-ms="1" started-at="2015-07-09T23:34:35Z" finished-at="2015-07-09T23:34:35Z">
        </test-method>
        <test-method status="PASS" signature="testLoadSamplePropertyInvalidFilePathNegativeTest()" name="testLoadSamplePropertyInvalidFilePathNegativeTest" duration-ms="1" started-at="2015-07-09T23:34:35Z" finished-at="2015-07-09T23:34:35Z">
        </test-method>
        <test-method status="PASS" signature="testLoadSamplePropertyNullFilePathNegativeTest()" name="testLoadSamplePropertyNullFilePathNegativeTest" duration-ms="1" started-at="2015-07-09T23:34:35Z" finished-at="2015-07-09T23:34:35Z">
        </test-method>
        <test-method status="PASS" signature="testLoadSamplePropertyWithOverridesFilePositiveTest()" name="testLoadSamplePropertyWithOverridesFilePositiveTest" duration-ms="2" started-at="2015-07-09T23:34:35Z" finished-at="2015-07-09T23:34:35Z">
        </test-method>
        <test-method status="PASS" signature="testLoadSamplePropertyWithoutOverrideFilePositiveTest()" name="testLoadSamplePropertyWithoutOverrideFilePositiveTest" duration-ms="2" started-at="2015-07-09T23:34:35Z" finished-at="2015-07-09T23:34:35Z">
        </test-method>
      </class>
      <class name="com.twitter.config.loader.factory.PropertyFactoryTest">
        <test-method status="PASS" signature="testPropertyFactoryEmptyValue()" name="testPropertyFactoryEmptyValue" duration-ms="1" started-at="2015-07-09T23:34:35Z" finished-at="2015-07-09T23:34:35Z">
        </test-method>
        <test-method status="PASS" signature="testPropertyFactoryNullKey()" name="testPropertyFactoryNullKey" duration-ms="1" started-at="2015-07-09T23:34:35Z" finished-at="2015-07-09T23:34:35Z">
          <exception class="com.twitter.config.exception.ConfigLoaderException">
            <full-stacktrace>
              <![CDATA[com.twitter.config.exception.ConfigLoaderException
	at com.twitter.config.factory.PropertyFactory.getProperty(PropertyFactory.java:34)
	at com.twitter.config.loader.factory.PropertyFactoryTest.testPropertyFactoryNullKey(PropertyFactoryTest.java:41)
	at sun.reflect.NativeMethodAccessorImpl.invoke0(Native Method)
	at sun.reflect.NativeMethodAccessorImpl.invoke(NativeMethodAccessorImpl.java:57)
	at sun.reflect.DelegatingMethodAccessorImpl.invoke(DelegatingMethodAccessorImpl.java:43)
	at java.lang.reflect.Method.invoke(Method.java:606)
	at org.testng.internal.MethodInvocationHelper.invokeMethod(MethodInvocationHelper.java:80)
	at org.testng.internal.Invoker.invokeMethod(Invoker.java:673)
	at org.testng.internal.Invoker.invokeTestMethod(Invoker.java:842)
	at org.testng.internal.Invoker.invokeTestMethods(Invoker.java:1166)
	at org.testng.internal.TestMethodWorker.invokeTestMethods(TestMethodWorker.java:125)
	at org.testng.internal.TestMethodWorker.run(TestMethodWorker.java:109)
	at org.testng.TestRunner.runWorkers(TestRunner.java:1178)
	at org.testng.TestRunner.privateRun(TestRunner.java:757)
	at org.testng.TestRunner.run(TestRunner.java:608)
	at org.testng.SuiteRunner.runTest(SuiteRunner.java:334)
	at org.testng.SuiteRunner.runSequentially(SuiteRunner.java:329)
	at org.testng.SuiteRunner.privateRun(SuiteRunner.java:291)
	at org.testng.SuiteRunner.run(SuiteRunner.java:240)
	at org.testng.SuiteRunnerWorker.runSuite(SuiteRunnerWorker.java:52)
	at org.testng.SuiteRunnerWorker.run(SuiteRunnerWorker.java:86)
	at org.testng.TestNG.runSuitesSequentially(TestNG.java:1158)
	at org.testng.TestNG.runSuitesLocally(TestNG.java:1083)
	at org.testng.TestNG.run(TestNG.java:999)
	at org.apache.maven.surefire.testng.TestNGExecutor.run(TestNGExecutor.java:77)
	at org.apache.maven.surefire.testng.TestNGDirectoryTestSuite.executeMulti(TestNGDirectoryTestSuite.java:159)
	at org.apache.maven.surefire.testng.TestNGDirectoryTestSuite.execute(TestNGDirectoryTestSuite.java:99)
	at org.apache.maven.surefire.testng.TestNGProvider.invoke(TestNGProvider.java:106)
	at sun.reflect.NativeMethodAccessorImpl.invoke0(Native Method)
	at sun.reflect.NativeMethodAccessorImpl.invoke(NativeMethodAccessorImpl.java:57)
	at sun.reflect.DelegatingMethodAccessorImpl.invoke(DelegatingMethodAccessorImpl.java:43)
	at java.lang.reflect.Method.invoke(Method.java:606)
	at org.apache.maven.surefire.util.ReflectionUtils.invokeMethodWithArray(ReflectionUtils.java:189)
	at org.apache.maven.surefire.booter.ProviderFactory$ProviderProxy.invoke(ProviderFactory.java:165)
	at org.apache.maven.surefire.booter.ProviderFactory.invokeProvider(ProviderFactory.java:85)
	at org.apache.maven.surefire.booter.ForkedBooter.runSuitesInProcess(ForkedBooter.java:115)
	at org.apache.maven.surefire.booter.ForkedBooter.main(ForkedBooter.java:75)
]]>
            </full-stacktrace>
          </exception>
        </test-method>
        <test-method status="PASS" signature="testPropertyFactoryNullValue()" name="testPropertyFactoryNullValue" duration-ms="0" started-at="2015-07-09T23:34:35Z" finished-at="2015-07-09T23:34:35Z">
          <exception class="com.twitter.config.exception.ConfigLoaderException">
            <full-stacktrace>
              <![CDATA[com.twitter.config.exception.ConfigLoaderException
	at com.twitter.config.factory.PropertyFactory.getProperty(PropertyFactory.java:38)
	at com.twitter.config.loader.factory.PropertyFactoryTest.testPropertyFactoryNullValue(PropertyFactoryTest.java:46)
	at sun.reflect.NativeMethodAccessorImpl.invoke0(Native Method)
	at sun.reflect.NativeMethodAccessorImpl.invoke(NativeMethodAccessorImpl.java:57)
	at sun.reflect.DelegatingMethodAccessorImpl.invoke(DelegatingMethodAccessorImpl.java:43)
	at java.lang.reflect.Method.invoke(Method.java:606)
	at org.testng.internal.MethodInvocationHelper.invokeMethod(MethodInvocationHelper.java:80)
	at org.testng.internal.Invoker.invokeMethod(Invoker.java:673)
	at org.testng.internal.Invoker.invokeTestMethod(Invoker.java:842)
	at org.testng.internal.Invoker.invokeTestMethods(Invoker.java:1166)
	at org.testng.internal.TestMethodWorker.invokeTestMethods(TestMethodWorker.java:125)
	at org.testng.internal.TestMethodWorker.run(TestMethodWorker.java:109)
	at org.testng.TestRunner.runWorkers(TestRunner.java:1178)
	at org.testng.TestRunner.privateRun(TestRunner.java:757)
	at org.testng.TestRunner.run(TestRunner.java:608)
	at org.testng.SuiteRunner.runTest(SuiteRunner.java:334)
	at org.testng.SuiteRunner.runSequentially(SuiteRunner.java:329)
	at org.testng.SuiteRunner.privateRun(SuiteRunner.java:291)
	at org.testng.SuiteRunner.run(SuiteRunner.java:240)
	at org.testng.SuiteRunnerWorker.runSuite(SuiteRunnerWorker.java:52)
	at org.testng.SuiteRunnerWorker.run(SuiteRunnerWorker.java:86)
	at org.testng.TestNG.runSuitesSequentially(TestNG.java:1158)
	at org.testng.TestNG.runSuitesLocally(TestNG.java:1083)
	at org.testng.TestNG.run(TestNG.java:999)
	at org.apache.maven.surefire.testng.TestNGExecutor.run(TestNGExecutor.java:77)
	at org.apache.maven.surefire.testng.TestNGDirectoryTestSuite.executeMulti(TestNGDirectoryTestSuite.java:159)
	at org.apache.maven.surefire.testng.TestNGDirectoryTestSuite.execute(TestNGDirectoryTestSuite.java:99)
	at org.apache.maven.surefire.testng.TestNGProvider.invoke(TestNGProvider.java:106)
	at sun.reflect.NativeMethodAccessorImpl.invoke0(Native Method)
	at sun.reflect.NativeMethodAccessorImpl.invoke(NativeMethodAccessorImpl.java:57)
	at sun.reflect.DelegatingMethodAccessorImpl.invoke(DelegatingMethodAccessorImpl.java:43)
	at java.lang.reflect.Method.invoke(Method.java:606)
	at org.apache.maven.surefire.util.ReflectionUtils.invokeMethodWithArray(ReflectionUtils.java:189)
	at org.apache.maven.surefire.booter.ProviderFactory$ProviderProxy.invoke(ProviderFactory.java:165)
	at org.apache.maven.surefire.booter.ProviderFactory.invokeProvider(ProviderFactory.java:85)
	at org.apache.maven.surefire.booter.ForkedBooter.runSuitesInProcess(ForkedBooter.java:115)
	at org.apache.maven.surefire.booter.ForkedBooter.main(ForkedBooter.java:75)
]]>
            </full-stacktrace>
          </exception>
        </test-method>
        <test-method status="PASS" signature="testPropertyFactorySuccess()" name="testPropertyFactorySuccess" duration-ms="2" started-at="2015-07-09T23:34:35Z" finished-at="2015-07-09T23:34:35Z">
        </test-method>
      </class>
    </test>
  </suite>
</testng-results>
